<?xml version="1.0" encoding="UTF-8"?>
<testsuite name="org.example.AppTest" tests="1" skipped="0" failures="0" errors="0" timestamp="2025-04-30T16:32:21.333Z" hostname="ZED_AIR_CX3" time="0.099">
  <properties/>
  <testcase name="appHasAGreeting()" classname="org.example.AppTest" time="0.099"/>
  <system-out><![CDATA[]]></system-out>
  <system-err><![CDATA[]]></system-err>
</testsuite>
